
Gurobi 12.0.0 (linux64) logging started Sun Oct  5 03:32:37 2025

Set parameter LogFile to value "result/20251005T0322-run.py/flex_all.log"
Set parameter Method to value 3
Set parameter MIPFocus to value 1
Set parameter MIPGap to value 0.05
Set parameter ConcurrentMIP to value 6
Set parameter Threads to value 24
Gurobi Optimizer version 12.0.0 build v12.0.0rc1 (linux64 - "SUSE Linux Enterprise Server 15 SP6")

CPU model: Intel(R) Xeon(R) Platinum 8480+, instruction set [SSE2|AVX|AVX2|AVX512]
Thread count: 112 physical cores, 224 logical processors, using up to 24 threads

Non-default parameters:
MIPGap  0.05
Method  3
MIPFocus  1
ConcurrentMIP  6
Threads  24

Optimize a model with 3509517 rows, 2236902 columns and 11228251 nonzeros
Model fingerprint: 0x558eb334
Variable types: 2236750 continuous, 152 integer (6 binary)
Coefficient statistics:
  Matrix range     [4e-05, 2e+03]
  Objective range  [1e+00, 1e+00]
  Bounds range     [1e+00, 1e+00]
  RHS range        [1e-02, 2e+03]

Concurrent MIP optimizer: 6 concurrent instances (4 threads per instance)

Presolve removed 1295059 rows and 1046522 columns (presolve time = 5s)...
Presolve removed 1295192 rows and 1046567 columns (presolve time = 10s)...
Presolve removed 1295192 rows and 1046567 columns (presolve time = 15s)...
Presolve removed 1295192 rows and 1046567 columns (presolve time = 20s)...
Presolve removed 1295192 rows and 1046567 columns
Presolve time: 24.14s
Presolved: 2214325 rows, 1190335 columns, 7673116 nonzeros
Variable types: 1190199 continuous, 136 integer (120 binary)

Concurrent LP optimizer: dual simplex and barrier
Showing barrier log only...

Root barrier log...

Ordering time: 2.96s

Barrier statistics:
 Dense cols : 181
 Free vars  : 375438
 AA' NZ     : 1.119e+07
 Factor NZ  : 4.493e+07 (roughly 1.7 GB of memory)
 Factor Ops : 4.926e+09 (roughly 1 second per iteration)
 Threads    : 2

                  Objective                Residual
Iter       Primal          Dual         Primal    Dual     Compl     Time
   0   7.41792244e+06 -6.31475650e+08  7.03e+02 7.95e+00  2.64e+03    74s
   1   4.70454468e+06 -5.21617751e+08  3.04e+02 5.45e+00  1.12e+03    77s
   2   3.53335982e+06 -4.37248926e+08  2.90e+02 2.21e+00  9.56e+02    80s
   3   2.24906194e+06 -2.62511836e+08  1.34e+02 5.40e-02  4.02e+02    84s
   4   1.12693750e+06 -1.43401499e+08  7.28e+00 2.50e-02  5.71e+01    87s
   5   1.03722240e+06 -1.17690037e+08  1.48e-07 1.91e-02  3.57e+01    90s
   6   1.02068361e+06 -5.43828970e+06  2.10e-07 1.01e-03  1.94e+00    92s
   7   5.70892743e+05 -8.87514229e+05  1.83e-08 9.74e-05  4.39e-01    96s
   8   2.38496822e+05 -5.21856388e+05  3.06e-09 5.59e-05  2.29e-01   101s
   9   1.04164733e+05 -3.19560115e+05  7.55e-10 3.45e-05  1.28e-01   105s
  10   6.24647122e+04 -1.46527753e+05  3.07e-10 1.57e-05  6.29e-02   108s
  11   4.59109638e+04 -2.81131582e+04  1.71e-10 4.07e-06  2.23e-02   113s
  12   3.60175646e+04  8.79102010e+03  1.07e-10 8.11e-07  8.20e-03   120s
  13   3.06642388e+04  1.32388854e+04  7.54e-11 3.73e-07  5.25e-03   129s
  14   2.65117239e+04  1.40695238e+04  5.14e-11 3.01e-07  3.75e-03   135s
  15   2.62340851e+04  1.55489668e+04  4.97e-11 1.57e-07  3.22e-03   142s
  16   2.24164214e+04  1.59188175e+04  2.78e-11 1.24e-07  1.96e-03   150s
  17   2.16691554e+04  1.70199611e+04  2.36e-11 9.17e-08  1.40e-03   162s
  18   2.06039213e+04  1.73469745e+04  1.61e-11 9.79e-08  9.80e-04   174s
  19   2.02441889e+04  1.74572809e+04  1.42e-11 8.15e-08  8.39e-04   189s
  20   1.97113098e+04  1.75360025e+04  1.12e-11 6.93e-08  6.55e-04   201s
  21   1.94208833e+04  1.76208988e+04  9.45e-12 5.36e-08  5.42e-04   215s
  22   1.89490388e+04  1.76985744e+04  6.90e-12 5.26e-08  3.76e-04   229s
  23   1.82449099e+04  1.77350634e+04  2.90e-12 4.64e-08  1.53e-04   243s
  24   1.81455233e+04  1.77868454e+04  2.29e-12 1.73e-08  1.08e-04   255s
  25   1.80256143e+04  1.77935460e+04  1.48e-12 2.73e-08  6.99e-05   264s
  26   1.79626219e+04  1.77968820e+04  1.09e-12 3.60e-08  4.99e-05   272s
  27   1.79390109e+04  1.78009813e+04  9.24e-13 4.43e-08  4.15e-05   278s
  28   1.78808953e+04  1.77999671e+04  5.12e-13 9.70e-08  2.44e-05   285s
  29   1.78505575e+04  1.78027144e+04  2.98e-13 4.35e-08  1.44e-05   290s
  30   1.78262736e+04  1.78043455e+04  1.33e-13 2.12e-08  6.60e-06   296s
  31   1.78076461e+04  1.78056715e+04  1.14e-13 1.00e-09  5.94e-07   301s
  32   1.78057288e+04  1.78057287e+04  1.39e-11 8.41e-11  3.16e-11   304s

Barrier solved model in 32 iterations and 304.28 seconds (113.27 work units)
Optimal objective 1.78057288e+04


Root crossover log...

  536640 DPushes remaining with DInf 7.5422742e-01               307s
   13983 DPushes remaining with DInf 1.9403338e-01               310s

Solved with dual simplex

Root relaxation: objective 1.780573e+04, 1123518 iterations, 259.99 seconds (95.86 work units)
Total elapsed time = 327.15s (DegenMoves)

    Nodes    |    Current Node    |     Objective Bounds      |     Work
 Expl Unexpl |  Obj  Depth IntInf | Incumbent    BestBd   Gap | It/Node Time

     0     0      -    -    -              - 17805.7287      -     -  330s
     0     0      -    -    -     23921.5029 18515.2310  22.6%     -  795s
     0     0      -    -    -     23921.5029 18586.2418  22.3%     -  858s
     0     0      -    -    -     23921.5029 18762.2189  21.6%     -  894s
     0     0      -    -    -     23921.5029 18762.2189  21.6%     -  942s
     0     2      -    -    -     21825.9310 19203.3765  12.0%     - 1037s
     1     4      -    -    -     21704.3064 20194.3869  6.96%     - 1339s
     3     6      -    -    -     21704.3064 20194.3869  6.96%     - 1343s

Cutting planes:
  Gomory: 8

Instance 1 was solved

Explored 3 nodes (1251707 simplex iterations) in 1348.29 seconds (688.41 work units)
Thread count was 4 (of 224 available processors)

Solution count 10: 21704.3 21821.2 21825.9 ... 23520.2 

Optimal solution found (tolerance 5.00e-02)
Best objective 2.170430635510e+04, best bound 2.129285230213e+04, gap 1.8957%
